<?xml version="1.0" encoding="UTF-8"?>
<testsuite name="player.PurchaseSizeStrategyTest" tests="11" skipped="0" failures="0" errors="0" timestamp="2026-04-19T23:12:11" hostname="MoreRemoteChaos" time="0.009">
  <properties/>
  <testcase name="neverExceedsFourExchanges()" classname="player.PurchaseSizeStrategyTest" time="0.001"/>
  <testcase name="usesExchangeToEnableMorePurchases()" classname="player.PurchaseSizeStrategyTest" time="0.001"/>
  <testcase name="buysAffordableCardDirectly()" classname="player.PurchaseSizeStrategyTest" time="0.0"/>
  <testcase name="walletEmptyAfterBuyingTwoFiveRedCards()" classname="player.PurchaseSizeStrategyTest" time="0.0"/>
  <testcase name="prefersTwoCardsOverOneStar()" classname="player.PurchaseSizeStrategyTest" time="0.002"/>
  <testcase name="buysTwoCardsWhenBothAffordable()" classname="player.PurchaseSizeStrategyTest" time="0.0"/>
  <testcase name="handlesEmptyVisibles()" classname="player.PurchaseSizeStrategyTest" time="0.001"/>
  <testcase name="doesNotBuyUnaffordableCard()" classname="player.PurchaseSizeStrategyTest" time="0.001"/>
  <testcase name="fewerExchangesPreferredWhenCountEqual()" classname="player.PurchaseSizeStrategyTest" time="0.0"/>
  <testcase name="returnsNonNullDecision()" classname="player.PurchaseSizeStrategyTest" time="0.001"/>
  <testcase name="doesNotBuyMoreThanAffordable()" classname="player.PurchaseSizeStrategyTest" time="0.001"/>
  <system-out><![CDATA[]]></system-out>
  <system-err><![CDATA[]]></system-err>
</testsuite>
