<?xml version="1.0" encoding="UTF-8"?>
<testsuite name="referee.RefereeTest" tests="9" skipped="0" failures="0" errors="0" timestamp="2026-04-20T00:14:03" hostname="MoreRemoteChaos" time="0.03">
  <properties/>
  <testcase name="winnerNameMatchesMechanism()" classname="referee.RefereeTest" time="0.019"/>
  <testcase name="gameWithOnePlayerProducesWinner()" classname="referee.RefereeTest" time="0.001"/>
  <testcase name="noMisbehavedPlayersInNormalGame()" classname="referee.RefereeTest" time="0.001"/>
  <testcase name="gameResultWinnersIsNonNull()" classname="referee.RefereeTest" time="0.0"/>
  <testcase name="throwingPlayerIsEliminated()" classname="referee.RefereeTest" time="0.003"/>
  <testcase name="allMisbehavingPlayersProducesNoWinners()" classname="referee.RefereeTest" time="0.0"/>
  <testcase name="gameResultMisbehavedIsNonNull()" classname="referee.RefereeTest" time="0.0"/>
  <testcase name="twoPlayerGameProducesAtLeastOneWinner()" classname="referee.RefereeTest" time="0.001"/>
  <testcase name="gameontinuesAfterBadPlayerEliminated()" classname="referee.RefereeTest" time="0.003"/>
  <system-out><![CDATA[]]></system-out>
  <system-err><![CDATA[]]></system-err>
</testsuite>
