<?xml version="1.0" encoding="UTF-8"?>
<testsuite name="common.EquationsTest" tests="26" skipped="0" failures="0" errors="0" timestamp="2026-04-19T19:01:28" hostname="MoreRemoteChaos" time="0.031">
  <properties/>
  <testcase name="filterApplicableReturnsEmptyWhenNoneApply()" classname="common.EquationsTest" time="0.001"/>
  <testcase name="createRandomProducesValidEquations()" classname="common.EquationsTest" time="0.002"/>
  <testcase name="filterApplicableConsidersBothDirections()" classname="common.EquationsTest" time="0.002"/>
  <testcase name="isEmptyReturnsFalseForNonEmptyTable()" classname="common.EquationsTest" time="0.0"/>
  <testcase name="equalTablesHaveEqualHashCodes()" classname="common.EquationsTest" time="0.001"/>
  <testcase name="tableIsEqualToItself()" classname="common.EquationsTest" time="0.001"/>
  <testcase name="isEmptyReturnsTrueForEmptyTable()" classname="common.EquationsTest" time="0.001"/>
  <testcase name="constructorAcceptsTenEquations()" classname="common.EquationsTest" time="0.001"/>
  <testcase name="renderOfEmptyTableShowsOnlyHeader()" classname="common.EquationsTest" time="0.0"/>
  <testcase name="filterApplicableReturnsAllWhenAllApply()" classname="common.EquationsTest" time="0.001"/>
  <testcase name="renderContainsOneLinePerEquation()" classname="common.EquationsTest" time="0.001"/>
  <testcase name="sizeOfEmptyTableIsZero()" classname="common.EquationsTest" time="0.0"/>
  <testcase name="createRandomProducesTenEquations()" classname="common.EquationsTest" time="0.0"/>
  <testcase name="tablesWithSameEquationsAreEqual()" classname="common.EquationsTest" time="0.001"/>
  <testcase name="constructorRejectsMoreThanTenEquations()" classname="common.EquationsTest" time="0.001"/>
  <testcase name="sizeReturnsNumberOfEquations()" classname="common.EquationsTest" time="0.001"/>
  <testcase name="renderBeginsWithEquationsHeader()" classname="common.EquationsTest" time="0.0"/>
  <testcase name="createRandomProducesDifferentTablesOnSuccessiveCalls()" classname="common.EquationsTest" time="0.004"/>
  <testcase name="getEquationsReturnsCorrectList()" classname="common.EquationsTest" time="0.001"/>
  <testcase name="constructorAcceptsEmptyList()" classname="common.EquationsTest" time="0.001"/>
  <testcase name="tableIsNotEqualToNull()" classname="common.EquationsTest" time="0.0"/>
  <testcase name="tablesWithDifferentEquationsAreNotEqual()" classname="common.EquationsTest" time="0.0"/>
  <testcase name="getEquationsIsUnmodifiable()" classname="common.EquationsTest" time="0.0"/>
  <testcase name="filterApplicableDoesNotModifyOriginalTable()" classname="common.EquationsTest" time="0.001"/>
  <testcase name="filterApplicableReturnsOnlyUsableEquations()" classname="common.EquationsTest" time="0.001"/>
  <testcase name="constructorMakesDefensiveCopy()" classname="common.EquationsTest" time="0.0"/>
  <system-out><![CDATA[]]></system-out>
  <system-err><![CDATA[]]></system-err>
</testsuite>
