<?xml version="1.0" encoding="UTF-8"?>
<testsuite name="common.PebbleTest" tests="4" skipped="0" failures="0" errors="0" timestamp="2026-04-20T00:00:26" hostname="MoreRemoteChaos" time="0.007">
  <properties/>
  <testcase name="hexColorReturnsNonNullStringForAllColors()" classname="common.PebbleTest" time="0.004"/>
  <testcase name="fiveDistinctValuesExist()" classname="common.PebbleTest" time="0.0"/>
  <testcase name="hexColorStartsWithHashForAllColors()" classname="common.PebbleTest" time="0.001"/>
  <testcase name="abbreviationReturnsFirstLetterOfName()" classname="common.PebbleTest" time="0.001"/>
  <system-out><![CDATA[]]></system-out>
  <system-err><![CDATA[]]></system-err>
</testsuite>
