<?xml version="1.0" encoding="UTF-8"?>
<testsuite name="player.StrategyTest" tests="8" skipped="0" failures="0" errors="0" timestamp="2026-04-19T20:18:45" hostname="MoreRemoteChaos" time="0.008">
  <properties/>
  <testcase name="strategyNeverExceedsFourExchanges()" classname="player.StrategyTest" time="0.001"/>
  <testcase name="pointsStrategyReturnsEmptyDecisionWhenNothingAffordable()" classname="player.StrategyTest" time="0.0"/>
  <testcase name="sizeStrategyReturnsEmptyWhenNothingAffordable()" classname="player.StrategyTest" time="0.001"/>
  <testcase name="sizeStrategyBuysMultipleCardsIfAffordable()" classname="player.StrategyTest" time="0.0"/>
  <testcase name="sizeStrategyPrefersMoreCardsOverMorePoints()" classname="player.StrategyTest" time="0.001"/>
  <testcase name="pointsStrategyBuysAffordableCard()" classname="player.StrategyTest" time="0.001"/>
  <testcase name="pointsStrategyPrefersStarCardOverPlainWhenMorePoints()" classname="player.StrategyTest" time="0.001"/>
  <testcase name="pointsStrategyUsesExchangeToAffordCard()" classname="player.StrategyTest" time="0.001"/>
  <system-out><![CDATA[]]></system-out>
  <system-err><![CDATA[]]></system-err>
</testsuite>
