<?xml version="1.0" encoding="UTF-8"?>
<testsuite name="common.TurnStateTest" tests="22" skipped="0" failures="0" errors="0" timestamp="2026-04-19T20:18:45" hostname="MoreRemoteChaos" time="0.015">
  <properties/>
  <testcase name="getVisiblesReturnsCorrectCards()" classname="common.TurnStateTest" time="0.001"/>
  <testcase name="turnStatesWithDifferentBanksAreNotEqual()" classname="common.TurnStateTest" time="0.0"/>
  <testcase name="equalTurnStatesHaveEqualHashCodes()" classname="common.TurnStateTest" time="0.001"/>
  <testcase name="renderContainsScoresInfo()" classname="common.TurnStateTest" time="0.001"/>
  <testcase name="getActiveReturnsCorrectPlayerState()" classname="common.TurnStateTest" time="0.0"/>
  <testcase name="turnStatesWithSameContentsAreEqual()" classname="common.TurnStateTest" time="0.001"/>
  <testcase name="renderContainsActivePlayerInfo()" classname="common.TurnStateTest" time="0.0"/>
  <testcase name="constructorRejectsNullActive()" classname="common.TurnStateTest" time="0.001"/>
  <testcase name="constructorRejectsNullVisibles()" classname="common.TurnStateTest" time="0.0"/>
  <testcase name="constructorRejectsNullScores()" classname="common.TurnStateTest" time="0.001"/>
  <testcase name="constructorAcceptsEmptyScoresList()" classname="common.TurnStateTest" time="0.001"/>
  <testcase name="getScoresIsUnmodifiable()" classname="common.TurnStateTest" time="0.001"/>
  <testcase name="constructorAcceptsValidArguments()" classname="common.TurnStateTest" time="0.001"/>
  <testcase name="turnStateIsNotEqualToNull()" classname="common.TurnStateTest" time="0.0"/>
  <testcase name="turnStateIsEqualToItself()" classname="common.TurnStateTest" time="0.0"/>
  <testcase name="renderContainsCardsInfo()" classname="common.TurnStateTest" time="0.001"/>
  <testcase name="getScoresReturnsCorrectScores()" classname="common.TurnStateTest" time="0.0"/>
  <testcase name="constructorRejectsNullBank()" classname="common.TurnStateTest" time="0.0"/>
  <testcase name="getScoresDoesNotIncludeActivePlayerScore()" classname="common.TurnStateTest" time="0.0"/>
  <testcase name="turnStatesWithDifferentScoresAreNotEqual()" classname="common.TurnStateTest" time="0.0"/>
  <testcase name="renderContainsBankInfo()" classname="common.TurnStateTest" time="0.0"/>
  <testcase name="getBankReturnsCorrectBank()" classname="common.TurnStateTest" time="0.0"/>
  <system-out><![CDATA[]]></system-out>
  <system-err><![CDATA[]]></system-err>
</testsuite>
