<?xml version="1.0" encoding="UTF-8"?>
<testsuite name="player.TurnDecisionTest" tests="12" skipped="0" failures="0" errors="0" timestamp="2026-04-19T20:18:46" hostname="MoreRemoteChaos" time="0.006">
  <properties/>
  <testcase name="plainCardScoreWith0PebblesIs5()" classname="player.TurnDecisionTest" time="0.001"/>
  <testcase name="starCardScoreWith1PebbleIs5()" classname="player.TurnDecisionTest" time="0.0"/>
  <testcase name="getWalletReturnsCorrectWallet()" classname="player.TurnDecisionTest" time="0.0"/>
  <testcase name="plainCardScoreWith2PebblesIs2()" classname="player.TurnDecisionTest" time="0.0"/>
  <testcase name="getExchangesIsUnmodifiable()" classname="player.TurnDecisionTest" time="0.0"/>
  <testcase name="getPurchasesIsUnmodifiable()" classname="player.TurnDecisionTest" time="0.0"/>
  <testcase name="plainCardScoreWith3OrMorePebblesIs1()" classname="player.TurnDecisionTest" time="0.001"/>
  <testcase name="starCardScoreWith3OrMorePebblesIs2()" classname="player.TurnDecisionTest" time="0.0"/>
  <testcase name="getPointsReturnsCorrectPoints()" classname="player.TurnDecisionTest" time="0.001"/>
  <testcase name="starCardScoreWith0PebblesIs8()" classname="player.TurnDecisionTest" time="0.0"/>
  <testcase name="plainCardScoreWith1PebbleIs3()" classname="player.TurnDecisionTest" time="0.001"/>
  <testcase name="starCardScoreWith2PebblesIs3()" classname="player.TurnDecisionTest" time="0.0"/>
  <system-out><![CDATA[]]></system-out>
  <system-err><![CDATA[]]></system-err>
</testsuite>
