<?xml version="1.0" encoding="UTF-8"?>
<testsuite name="common.PlayerStateTest" tests="22" skipped="0" failures="0" errors="0" timestamp="2026-04-19T19:01:28" hostname="MoreRemoteChaos" time="0.019">
  <properties/>
  <testcase name="constructorRejectsNegativeScore()" classname="common.PlayerStateTest" time="0.001"/>
  <testcase name="withWalletDoesNotModifyOriginal()" classname="common.PlayerStateTest" time="0.0"/>
  <testcase name="getWalletReturnsCorrectWallet()" classname="common.PlayerStateTest" time="0.0"/>
  <testcase name="withWalletPreservesScore()" classname="common.PlayerStateTest" time="0.0"/>
  <testcase name="constructorAcceptsZeroScore()" classname="common.PlayerStateTest" time="0.001"/>
  <testcase name="stateIsEqualToItself()" classname="common.PlayerStateTest" time="0.0"/>
  <testcase name="renderContainsScoreInfo()" classname="common.PlayerStateTest" time="0.002"/>
  <testcase name="stateIsNotEqualToNull()" classname="common.PlayerStateTest" time="0.0"/>
  <testcase name="statesWithDifferentScoresAreNotEqual()" classname="common.PlayerStateTest" time="0.0"/>
  <testcase name="withAddedScoreOfZeroReturnsEquivalentState()" classname="common.PlayerStateTest" time="0.001"/>
  <testcase name="renderContainsWalletInfo()" classname="common.PlayerStateTest" time="0.001"/>
  <testcase name="withAddedScorePreservesWallet()" classname="common.PlayerStateTest" time="0.0"/>
  <testcase name="statesWithSameWalletAndScoreAreEqual()" classname="common.PlayerStateTest" time="0.001"/>
  <testcase name="getScoreReturnsZeroForNewPlayer()" classname="common.PlayerStateTest" time="0.0"/>
  <testcase name="withAddedScoreDoesNotModifyOriginal()" classname="common.PlayerStateTest" time="0.0"/>
  <testcase name="equalStatesHaveEqualHashCodes()" classname="common.PlayerStateTest" time="0.0"/>
  <testcase name="withAddedScoreReturnsNewStateWithIncreasedScore()" classname="common.PlayerStateTest" time="0.0"/>
  <testcase name="constructorRejectsNullWallet()" classname="common.PlayerStateTest" time="0.0"/>
  <testcase name="withWalletReturnsNewStateWithUpdatedWallet()" classname="common.PlayerStateTest" time="0.001"/>
  <testcase name="getScoreReturnsCorrectScore()" classname="common.PlayerStateTest" time="0.001"/>
  <testcase name="statesWithDifferentWalletsAreNotEqual()" classname="common.PlayerStateTest" time="0.0"/>
  <testcase name="constructorAcceptsPositiveScore()" classname="common.PlayerStateTest" time="0.0"/>
  <system-out><![CDATA[]]></system-out>
  <system-err><![CDATA[]]></system-err>
</testsuite>
